Removed Pin From Net: NetName=GND Pin=BT1-2
Removed Pin From Net: NetName=GND Pin=BT1-4
Removed Pin From Net: NetName=GND Pin=C1-1
Removed Pin From Net: NetName=GND Pin=C2-2
Removed Pin From Net: NetName=VBAT Pin=C3-1
Removed Pin From Net: NetName=GND Pin=C3-2
Removed Pin From Net: NetName=GND Pin=C4-1
Removed Pin From Net: NetName=GND Pin=C5-1
Removed Pin From Net: NetName=GND Pin=C6-1
Removed Pin From Net: NetName=VBAT Pin=C7-1
Removed Pin From Net: NetName=GND Pin=C7-2
Removed Pin From Net: NetName=GND Pin=C9-1
Removed Pin From Net: NetName=VCC Pin=C9-2
Removed Pin From Net: NetName=GND Pin=C11-1
Removed Pin From Net: NetName=GND Pin=D1-1
Removed Pin From Net: NetName=VSOURCE Pin=D1-2
Removed Pin From Net: NetName=GND Pin=D2-1
Removed Pin From Net: NetName=VBAT Pin=D2-2
Removed Pin From Net: NetName=VBAT Pin=JP2-1
Removed Pin From Net: NetName=GND Pin=JP2-2
Removed Pin From Net: NetName=VSOURCE Pin=Q1-2
Removed Pin From Net: NetName=VSOURCE Pin=Q2-3
Removed Pin From Net: NetName=BAT-GOOD Pin=Q4-1
Removed Pin From Net: NetName=GND Pin=Q4-2
Removed Pin From Net: NetName=GND Pin=R1-2
Removed Pin From Net: NetName=GND Pin=R3-2
Removed Pin From Net: NetName=GND Pin=R5-2
Removed Pin From Net: NetName=GND Pin=R7-2
Removed Pin From Net: NetName=GND Pin=R13-1
Removed Pin From Net: NetName=VSOURCE Pin=R15-2
Removed Pin From Net: NetName=BAT-GOOD Pin=R16-1
Removed Pin From Net: NetName=GND Pin=R16-2
Removed Pin From Net: NetName=VCC Pin=R17-1
Removed Pin From Net: NetName=GND Pin=R18-2
Removed Pin From Net: NetName=VBAT Pin=R21-2
Removed Pin From Net: NetName=GND Pin=U1-1
Removed Pin From Net: NetName=GND Pin=U1-5
Removed Pin From Net: NetName=BAT-GOOD Pin=U1-11
Removed Pin From Net: NetName=GND Pin=U1-12
Removed Pin From Net: NetName=GND Pin=U1-13
Removed Pin From Net: NetName=VBAT Pin=U1-14
Removed Pin From Net: NetName=GND Pin=U1-17
Removed Pin From Net: NetName=GND Pin=U2-2
Removed Pin From Net: NetName=VCC Pin=U3-1
Removed Pin From Net: NetName=BAT-GOOD Pin=U3-2
Removed Pin From Net: NetName=VCC Pin=U3-4
Removed Member From Class: ClassName=N-HRVST1 Member=BT1
Removed Member From Class: ClassName=N-HRVST1 Member=C1
Removed Member From Class: ClassName=N-HRVST1 Member=C2
Removed Member From Class: ClassName=N-HRVST1 Member=C3
Removed Member From Class: ClassName=N-HRVST1 Member=C4
Removed Member From Class: ClassName=N-HRVST1 Member=C5
Removed Member From Class: ClassName=N-HRVST1 Member=C6
Removed Member From Class: ClassName=N-HRVST1 Member=C7
Removed Member From Class: ClassName=N-HRVST1 Member=C9
Removed Member From Class: ClassName=N-HRVST1 Member=C11
Removed Member From Class: ClassName=N-HRVST1 Member=D1
Removed Member From Class: ClassName=N-HRVST1 Member=D2
Removed Member From Class: ClassName=N-HRVST1 Member=JP2
Removed Member From Class: ClassName=N-HRVST1 Member=L1
Removed Member From Class: ClassName=N-HRVST1 Member=Q1
Removed Member From Class: ClassName=N-HRVST1 Member=Q2
Removed Member From Class: ClassName=N-HRVST1 Member=Q4
Removed Member From Class: ClassName=N-HRVST1 Member=R1
Removed Member From Class: ClassName=N-HRVST1 Member=R2
Removed Member From Class: ClassName=N-HRVST1 Member=R3
Removed Member From Class: ClassName=N-HRVST1 Member=R4
Removed Member From Class: ClassName=N-HRVST1 Member=R5
Removed Member From Class: ClassName=N-HRVST1 Member=R6
Removed Member From Class: ClassName=N-HRVST1 Member=R7
Removed Member From Class: ClassName=N-HRVST1 Member=R8
Removed Member From Class: ClassName=N-HRVST1 Member=R9
Removed Member From Class: ClassName=N-HRVST1 Member=R10
Removed Member From Class: ClassName=N-HRVST1 Member=R11
Removed Member From Class: ClassName=N-HRVST1 Member=R12
Removed Member From Class: ClassName=N-HRVST1 Member=R13
Removed Member From Class: ClassName=N-HRVST1 Member=R14
Removed Member From Class: ClassName=N-HRVST1 Member=R15
Removed Member From Class: ClassName=N-HRVST1 Member=R16
Removed Member From Class: ClassName=N-HRVST1 Member=R17
Removed Member From Class: ClassName=N-HRVST1 Member=R18
Removed Member From Class: ClassName=N-HRVST1 Member=R19
Removed Member From Class: ClassName=N-HRVST1 Member=R20
Removed Member From Class: ClassName=N-HRVST1 Member=R21
Removed Member From Class: ClassName=N-HRVST1 Member=R22
Removed Member From Class: ClassName=N-HRVST1 Member=U1
Removed Member From Class: ClassName=N-HRVST1 Member=U2
Removed Member From Class: ClassName=N-HRVST1 Member=U3
Change Class Name : Old Net Name=N-HRVST1 New Net Name=N-FPGA
Change Room Name: Old Name=N-HRVST1 New Name=N-FPGA
Change Room Scope: Old Scope=InComponentClass('N-HRVST1') New Scope=InComponentClass('N-FPGA')
