Change Component Designator: OldDesignator=U22 NewDesignator=U2
Added Component: Designator=JP1(2X10)
Added Component: Designator=JP2(2X10)
Added Component: Designator=JP7(1X12-RIGHT)
Added Component: Designator=JP8(1X12-RIGHT)
Added Pin To Net: NetName=11 Pin=JP8-3
Added Net: Name=11
Added Pin To Net: NetName=GND Pin=JP7-11
Added Pin To Net: NetName=GND Pin=JP8-11
Added Net: Name=GND
Added Pin To Net: NetName=IO1 Pin=JP7-10
Added Net: Name=IO1
Added Pin To Net: NetName=IO2 Pin=JP7-9
Added Net: Name=IO2
Added Pin To Net: NetName=IO3 Pin=JP7-8
Added Net: Name=IO3
Added Pin To Net: NetName=IO4 Pin=JP7-7
Added Net: Name=IO4
Added Pin To Net: NetName=IO5 Pin=JP7-6
Added Net: Name=IO5
Added Pin To Net: NetName=IO6 Pin=JP7-5
Added Net: Name=IO6
Added Pin To Net: NetName=IO7 Pin=JP7-4
Added Net: Name=IO7
Added Pin To Net: NetName=IO8 Pin=JP7-3
Added Net: Name=IO8
Added Pin To Net: NetName=MISO Pin=JP8-6
Added Net: Name=MISO
Added Pin To Net: NetName=MOSI Pin=JP8-5
Added Net: Name=MOSI
Added Pin To Net: NetName=RESET Pin=JP7-2
Added Pin To Net: NetName=RESET Pin=JP8-2
Added Net: Name=RESET
Added Pin To Net: NetName=RXD Pin=JP8-9
Added Net: Name=RXD
Added Pin To Net: NetName=SCK Pin=JP8-4
Added Net: Name=SCK
Added Pin To Net: NetName=SCL Pin=JP8-8
Added Net: Name=SCL
Added Pin To Net: NetName=SDA Pin=JP8-7
Added Net: Name=SDA
Added Pin To Net: NetName=TXD Pin=JP8-10
Added Net: Name=TXD
Added Pin To Net: NetName=VBAT Pin=JP7-1
Added Pin To Net: NetName=VBAT Pin=JP8-1
Added Net: Name=VBAT
Added Pin To Net: NetName=VCC Pin=JP7-12
Added Pin To Net: NetName=VCC Pin=JP8-12
Added Net: Name=VCC
Added Member To Class: ClassName=N-FPGA Member=Component JP1 HEADER 2X10
Added Member To Class: ClassName=N-FPGA Member=Component JP2 HEADER 2X10
Added Member To Class: ClassName=N-FPGA Member=Component JP7 Header 12
Added Member To Class: ClassName=N-FPGA Member=Component JP8 Header 12
