Removed Pin From Net: NetName=GND Pin=C1-1
Removed Pin From Net: NetName=GND Pin=C2-2
Removed Pin From Net: NetName=GND Pin=C3-1
Removed Pin From Net: NetName=GND Pin=C4-1
Removed Pin From Net: NetName=RESET-CPU Pin=C4-2
Removed Pin From Net: NetName=GND Pin=C5-1
Removed Pin From Net: NetName=GND Pin=C6-1
Removed Pin From Net: NetName=GND Pin=C7-1
Removed Pin From Net: NetName=GND Pin=C8-1
Removed Pin From Net: NetName=GND Pin=C9-1
Removed Pin From Net: NetName=3.3V Pin=C9-2
Removed Pin From Net: NetName=GND Pin=C10-1
Removed Pin From Net: NetName=3.3V Pin=C10-2
Removed Pin From Net: NetName=3.3V Pin=C11-1
Removed Pin From Net: NetName=GND Pin=C11-2
Removed Pin From Net: NetName=GND Pin=C12-1
Removed Pin From Net: NetName=3.3V Pin=C12-2
Removed Pin From Net: NetName=GND Pin=C13-1
Removed Pin From Net: NetName=3.3V Pin=C13-2
Removed Pin From Net: NetName=GND Pin=C14-1
Removed Pin From Net: NetName=3.3V Pin=C14-2
Removed Pin From Net: NetName=GND Pin=C15-1
Removed Pin From Net: NetName=3.3V Pin=C15-2
Removed Pin From Net: NetName=GND Pin=C16-1
Removed Pin From Net: NetName=3.3V Pin=C16-2
Removed Pin From Net: NetName=+5V Pin=D1-2
Removed Pin From Net: NetName=3.3V Pin=D2-1
Removed Pin From Net: NetName=3.3V Pin=D3-2
Removed Pin From Net: NetName=GND Pin=J1-1
Removed Pin From Net: NetName=P2.0 Pin=J1-3
Removed Pin From Net: NetName=P2.1 Pin=J1-4
Removed Pin From Net: NetName=P0.10 Pin=J1-5
Removed Pin From Net: NetName=P0.11 Pin=J1-6
Removed Pin From Net: NetName=P0.17 Pin=J1-7
Removed Pin From Net: NetName=P0.18 Pin=J1-8
Removed Pin From Net: NetName=P0.15 Pin=J1-9
Removed Pin From Net: NetName=P0.16 Pin=J1-10
Removed Pin From Net: NetName=RESET-CPU Pin=J1-11
Removed Pin From Net: NetName=P2.9 Pin=J1-12
Removed Pin From Net: NetName=P1.23 Pin=J1-13
Removed Pin From Net: NetName=P0.23 Pin=J1-14
Removed Pin From Net: NetName=P0.24 Pin=J1-15
Removed Pin From Net: NetName=P2.13 Pin=J1-16
Removed Pin From Net: NetName=P2.12 Pin=J1-17
Removed Pin From Net: NetName=P0.29 Pin=J1-18
Removed Pin From Net: NetName=P0.30 Pin=J1-19
Removed Pin From Net: NetName=P0.22 Pin=J1-20
Removed Pin From Net: NetName=P0.21 Pin=J1-21
Removed Pin From Net: NetName=+5V Pin=J1-27
Removed Pin From Net: NetName=GND Pin=J1-28
Removed Pin From Net: NetName=3.3V Pin=J1-29
Removed Pin From Net: NetName=3.3V Pin=J1-31
Removed Pin From Net: NetName=GND Pin=J1-32
Removed Pin From Net: NetName=+5V Pin=J1-33
Removed Pin From Net: NetName=P4.29 Pin=J1-39
Removed Pin From Net: NetName=P4.28 Pin=J1-40
Removed Pin From Net: NetName=P0.19 Pin=J1-41
Removed Pin From Net: NetName=P0.20 Pin=J1-42
Removed Pin From Net: NetName=P0.8 Pin=J1-43
Removed Pin From Net: NetName=P0.9 Pin=J1-44
Removed Pin From Net: NetName=P0.7 Pin=J1-45
Removed Pin From Net: NetName=P0.6 Pin=J1-46
Removed Pin From Net: NetName=P2.7 Pin=J1-47
Removed Pin From Net: NetName=VBAT Pin=J1-48
Removed Pin From Net: NetName=P1.27 Pin=J1-49
Removed Pin From Net: NetName=P0.25 Pin=J1-50
Removed Pin From Net: NetName=P0.26 Pin=J1-51
Removed Pin From Net: NetName=P1.22 Pin=J1-52
Removed Pin From Net: NetName=P2.5 Pin=J1-53
Removed Pin From Net: NetName=P0.2 Pin=J1-54
Removed Pin From Net: NetName=P0.3 Pin=J1-55
Removed Pin From Net: NetName=P0.5 Pin=J1-56
Removed Pin From Net: NetName=P0.4 Pin=J1-57
Removed Pin From Net: NetName=GND Pin=J1-59
Removed Pin From Net: NetName=P2.2 Pin=J2-4
Removed Pin From Net: NetName=P2.3 Pin=J2-5
Removed Pin From Net: NetName=P0.27 Pin=J2-6
Removed Pin From Net: NetName=P0.28 Pin=J2-7
Removed Pin From Net: NetName=P1.26 Pin=J2-8
Removed Pin From Net: NetName=P1.24 Pin=J2-9
Removed Pin From Net: NetName=VBAT Pin=J2-10
Removed Pin From Net: NetName=P3.26 Pin=J2-11
Removed Pin From Net: NetName=P1.16 Pin=J2-13
Removed Pin From Net: NetName=P3.25 Pin=J2-14
Removed Pin From Net: NetName=P1.0 Pin=J2-15
Removed Pin From Net: NetName=P1.1 Pin=J2-16
Removed Pin From Net: NetName=P1.4 Pin=J2-17
Removed Pin From Net: NetName=P1.8 Pin=J2-18
Removed Pin From Net: NetName=P1.9 Pin=J2-19
Removed Pin From Net: NetName=P1.10 Pin=J2-20
Removed Pin From Net: NetName=P1.14 Pin=J2-21
Removed Pin From Net: NetName=P1.15 Pin=J2-22
Removed Pin From Net: NetName=P1.17 Pin=J2-23
Removed Pin From Net: NetName=RESET-OUT Pin=J2-24
Removed Pin From Net: NetName=3.3V Pin=J2-31
Removed Pin From Net: NetName=GND Pin=J2-32
Removed Pin From Net: NetName=+5V Pin=J2-33
Removed Pin From Net: NetName=P2.11 Pin=J2-39
Removed Pin From Net: NetName=P1.29 Pin=J2-40
Removed Pin From Net: NetName=P0.0 Pin=J2-41
Removed Pin From Net: NetName=P0.1 Pin=J2-42
Removed Pin From Net: NetName=P1.30 Pin=J2-43
Removed Pin From Net: NetName=P1.31 Pin=J2-44
Removed Pin From Net: NetName=P1.28 Pin=J2-45
Removed Pin From Net: NetName=P2.4 Pin=J2-46
Removed Pin From Net: NetName=JTAG-TCK-SWDCLK Pin=J2-47
Removed Pin From Net: NetName=JTAG-TMS-SWDIO Pin=J2-49
Removed Pin From Net: NetName=P2.8 Pin=J2-50
Removed Pin From Net: NetName=P1.25 Pin=J2-51
Removed Pin From Net: NetName=P2.6 Pin=J2-52
Removed Pin From Net: NetName=P1.21 Pin=J2-53
Removed Pin From Net: NetName=P1.20 Pin=J2-54
Removed Pin From Net: NetName=P1.19 Pin=J2-55
Removed Pin From Net: NetName=P1.18 Pin=J2-56
Removed Pin From Net: NetName=P2.10 Pin=J2-57
Removed Pin From Net: NetName=GND Pin=J2-59
Removed Pin From Net: NetName=GND Pin=J3-1
Removed Pin From Net: NetName=P2.0 Pin=J3-3
Removed Pin From Net: NetName=P2.1 Pin=J3-4
Removed Pin From Net: NetName=P0.10 Pin=J3-5
Removed Pin From Net: NetName=P0.11 Pin=J3-6
Removed Pin From Net: NetName=P0.17 Pin=J3-7
Removed Pin From Net: NetName=P0.18 Pin=J3-8
Removed Pin From Net: NetName=P0.15 Pin=J3-9
Removed Pin From Net: NetName=P0.16 Pin=J3-10
Removed Pin From Net: NetName=RESET-CPU Pin=J3-11
Removed Pin From Net: NetName=P2.9 Pin=J3-12
Removed Pin From Net: NetName=P1.23 Pin=J3-13
Removed Pin From Net: NetName=P0.23 Pin=J3-14
Removed Pin From Net: NetName=P0.24 Pin=J3-15
Removed Pin From Net: NetName=P2.13 Pin=J3-16
Removed Pin From Net: NetName=P2.12 Pin=J3-17
Removed Pin From Net: NetName=P0.29 Pin=J3-18
Removed Pin From Net: NetName=P0.30 Pin=J3-19
Removed Pin From Net: NetName=P0.22 Pin=J3-20
Removed Pin From Net: NetName=P0.21 Pin=J3-21
Removed Pin From Net: NetName=+5V Pin=J3-27
Removed Pin From Net: NetName=GND Pin=J3-28
Removed Pin From Net: NetName=3.3V Pin=J3-29
Removed Pin From Net: NetName=P4.29 Pin=J3-39
Removed Pin From Net: NetName=P4.28 Pin=J3-40
Removed Pin From Net: NetName=P0.19 Pin=J3-41
Removed Pin From Net: NetName=P0.20 Pin=J3-42
Removed Pin From Net: NetName=P0.8 Pin=J3-43
Removed Pin From Net: NetName=P0.9 Pin=J3-44
Removed Pin From Net: NetName=P0.7 Pin=J3-45
Removed Pin From Net: NetName=P0.6 Pin=J3-46
Removed Pin From Net: NetName=P2.7 Pin=J3-47
Removed Pin From Net: NetName=VBAT Pin=J3-48
Removed Pin From Net: NetName=P1.27 Pin=J3-49
Removed Pin From Net: NetName=P0.25 Pin=J3-50
Removed Pin From Net: NetName=P0.26 Pin=J3-51
Removed Pin From Net: NetName=P1.22 Pin=J3-52
Removed Pin From Net: NetName=P2.5 Pin=J3-53
Removed Pin From Net: NetName=P0.2 Pin=J3-54
Removed Pin From Net: NetName=P0.3 Pin=J3-55
Removed Pin From Net: NetName=P0.5 Pin=J3-56
Removed Pin From Net: NetName=P0.4 Pin=J3-57
Removed Pin From Net: NetName=3.3V Pin=JP1-1
Removed Pin From Net: NetName=JTAG-TMS-SWDIO Pin=JP1-2
Removed Pin From Net: NetName=GND Pin=JP1-3
Removed Pin From Net: NetName=JTAG-TCK-SWDCLK Pin=JP1-4
Removed Pin From Net: NetName=GND Pin=JP1-5
Removed Pin From Net: NetName=GND Pin=JP1-9
Removed Pin From Net: NetName=RESET-CPU Pin=JP1-10
Removed Pin From Net: NetName=GND Pin=JP2-2
Removed Pin From Net: NetName=3.3V Pin=LD1-1
Removed Pin From Net: NetName=P1.18 Pin=LD2-1
Removed Pin From Net: NetName=3.3V Pin=R1-2
Removed Pin From Net: NetName=3.3V Pin=R2-2
Removed Pin From Net: NetName=JTAG-TMS-SWDIO Pin=R3-1
Removed Pin From Net: NetName=3.3V Pin=R3-2
Removed Pin From Net: NetName=3.3V Pin=R4-2
Removed Pin From Net: NetName=JTAG-TCK-SWDCLK Pin=R5-1
Removed Pin From Net: NetName=GND Pin=R5-2
Removed Pin From Net: NetName=RESET-OUT Pin=R6-2
Removed Pin From Net: NetName=3.3V Pin=R7-1
Removed Pin From Net: NetName=RESET-CPU Pin=R7-2
Removed Pin From Net: NetName=P2.10 Pin=R8-1
Removed Pin From Net: NetName=3.3V Pin=R8-2
Removed Pin From Net: NetName=GND Pin=R9-2
Removed Pin From Net: NetName=RESET-CPU Pin=SW1-1
Removed Pin From Net: NetName=GND Pin=SW1-2
Removed Pin From Net: NetName=JTAG-TMS-SWDIO Pin=U1-3
Removed Pin From Net: NetName=JTAG-TCK-SWDCLK Pin=U1-5
Removed Pin From Net: NetName=P0.26 Pin=U1-6
Removed Pin From Net: NetName=P0.25 Pin=U1-7
Removed Pin From Net: NetName=P0.24 Pin=U1-8
Removed Pin From Net: NetName=P0.23 Pin=U1-9
Removed Pin From Net: NetName=3.3V Pin=U1-10
Removed Pin From Net: NetName=GND Pin=U1-11
Removed Pin From Net: NetName=3.3V Pin=U1-12
Removed Pin From Net: NetName=RESET-OUT Pin=U1-14
Removed Pin From Net: NetName=GND Pin=U1-15
Removed Pin From Net: NetName=RESET-CPU Pin=U1-17
Removed Pin From Net: NetName=P1.31 Pin=U1-20
Removed Pin From Net: NetName=P1.30 Pin=U1-21
Removed Pin From Net: NetName=P0.28 Pin=U1-24
Removed Pin From Net: NetName=P0.27 Pin=U1-25
Removed Pin From Net: NetName=P3.26 Pin=U1-26
Removed Pin From Net: NetName=P3.25 Pin=U1-27
Removed Pin From Net: NetName=3.3V Pin=U1-28
Removed Pin From Net: NetName=P0.29 Pin=U1-29
Removed Pin From Net: NetName=P0.30 Pin=U1-30
Removed Pin From Net: NetName=GND Pin=U1-31
Removed Pin From Net: NetName=P1.18 Pin=U1-32
Removed Pin From Net: NetName=P1.19 Pin=U1-33
Removed Pin From Net: NetName=P1.20 Pin=U1-34
Removed Pin From Net: NetName=P1.21 Pin=U1-35
Removed Pin From Net: NetName=P1.22 Pin=U1-36
Removed Pin From Net: NetName=P1.23 Pin=U1-37
Removed Pin From Net: NetName=P1.24 Pin=U1-38
Removed Pin From Net: NetName=P1.25 Pin=U1-39
Removed Pin From Net: NetName=P1.26 Pin=U1-40
Removed Pin From Net: NetName=GND Pin=U1-41
Removed Pin From Net: NetName=3.3V Pin=U1-42
Removed Pin From Net: NetName=P1.27 Pin=U1-43
Removed Pin From Net: NetName=P1.28 Pin=U1-44
Removed Pin From Net: NetName=P1.29 Pin=U1-45
Removed Pin From Net: NetName=P0.0 Pin=U1-46
Removed Pin From Net: NetName=P0.1 Pin=U1-47
Removed Pin From Net: NetName=P0.10 Pin=U1-48
Removed Pin From Net: NetName=P0.11 Pin=U1-49
Removed Pin From Net: NetName=P2.13 Pin=U1-50
Removed Pin From Net: NetName=P2.12 Pin=U1-51
Removed Pin From Net: NetName=P2.11 Pin=U1-52
Removed Pin From Net: NetName=P2.10 Pin=U1-53
Removed Pin From Net: NetName=3.3V Pin=U1-54
Removed Pin From Net: NetName=GND Pin=U1-55
Removed Pin From Net: NetName=P0.22 Pin=U1-56
Removed Pin From Net: NetName=P0.21 Pin=U1-57
Removed Pin From Net: NetName=P0.20 Pin=U1-58
Removed Pin From Net: NetName=P0.19 Pin=U1-59
Removed Pin From Net: NetName=P0.18 Pin=U1-60
Removed Pin From Net: NetName=P0.17 Pin=U1-61
Removed Pin From Net: NetName=P0.15 Pin=U1-62
Removed Pin From Net: NetName=P0.16 Pin=U1-63
Removed Pin From Net: NetName=P2.9 Pin=U1-64
Removed Pin From Net: NetName=P2.8 Pin=U1-65
Removed Pin From Net: NetName=P2.7 Pin=U1-66
Removed Pin From Net: NetName=P2.6 Pin=U1-67
Removed Pin From Net: NetName=P2.5 Pin=U1-68
Removed Pin From Net: NetName=P2.4 Pin=U1-69
Removed Pin From Net: NetName=P2.3 Pin=U1-70
Removed Pin From Net: NetName=3.3V Pin=U1-71
Removed Pin From Net: NetName=GND Pin=U1-72
Removed Pin From Net: NetName=P2.2 Pin=U1-73
Removed Pin From Net: NetName=P2.1 Pin=U1-74
Removed Pin From Net: NetName=P2.0 Pin=U1-75
Removed Pin From Net: NetName=P0.9 Pin=U1-76
Removed Pin From Net: NetName=P0.8 Pin=U1-77
Removed Pin From Net: NetName=P0.7 Pin=U1-78
Removed Pin From Net: NetName=P0.6 Pin=U1-79
Removed Pin From Net: NetName=P0.5 Pin=U1-80
Removed Pin From Net: NetName=P0.4 Pin=U1-81
Removed Pin From Net: NetName=P4.28 Pin=U1-82
Removed Pin From Net: NetName=GND Pin=U1-83
Removed Pin From Net: NetName=3.3V Pin=U1-84
Removed Pin From Net: NetName=P4.29 Pin=U1-85
Removed Pin From Net: NetName=P1.17 Pin=U1-86
Removed Pin From Net: NetName=P1.16 Pin=U1-87
Removed Pin From Net: NetName=P1.15 Pin=U1-88
Removed Pin From Net: NetName=P1.14 Pin=U1-89
Removed Pin From Net: NetName=P1.10 Pin=U1-90
Removed Pin From Net: NetName=P1.9 Pin=U1-91
Removed Pin From Net: NetName=P1.8 Pin=U1-92
Removed Pin From Net: NetName=P1.4 Pin=U1-93
Removed Pin From Net: NetName=P1.1 Pin=U1-94
Removed Pin From Net: NetName=P1.0 Pin=U1-95
Removed Pin From Net: NetName=3.3V Pin=U1-96
Removed Pin From Net: NetName=GND Pin=U1-97
Removed Pin From Net: NetName=P0.2 Pin=U1-98
Removed Pin From Net: NetName=P0.3 Pin=U1-99
Removed Pin From Net: NetName=GND Pin=U2-2
Removed Pin From Net: NetName=GND Pin=Y1-2
Removed Pin From Net: NetName=GND Pin=Y1-4
Removed Member From Class: ClassName=IOTM123 Member=C1
Removed Member From Class: ClassName=IOTM123 Member=C2
Removed Member From Class: ClassName=IOTM123 Member=C3
Removed Member From Class: ClassName=IOTM123 Member=C4
Removed Member From Class: ClassName=IOTM123 Member=C5
Removed Member From Class: ClassName=IOTM123 Member=C6
Removed Member From Class: ClassName=IOTM123 Member=C7
Removed Member From Class: ClassName=IOTM123 Member=C8
Removed Member From Class: ClassName=IOTM123 Member=C9
Removed Member From Class: ClassName=IOTM123 Member=C10
Removed Member From Class: ClassName=IOTM123 Member=C11
Removed Member From Class: ClassName=IOTM123 Member=C12
Removed Member From Class: ClassName=IOTM123 Member=C13
Removed Member From Class: ClassName=IOTM123 Member=C14
Removed Member From Class: ClassName=IOTM123 Member=C15
Removed Member From Class: ClassName=IOTM123 Member=C16
Removed Member From Class: ClassName=IOTM123 Member=D1
Removed Member From Class: ClassName=IOTM123 Member=D2
Removed Member From Class: ClassName=IOTM123 Member=D3
Removed Member From Class: ClassName=IOTM123 Member=D4
Removed Member From Class: ClassName=IOTM123 Member=JP1
Removed Member From Class: ClassName=IOTM123 Member=JP2
Removed Member From Class: ClassName=IOTM123 Member=LD1
Removed Member From Class: ClassName=IOTM123 Member=LD2
Removed Member From Class: ClassName=IOTM123 Member=M5
Removed Member From Class: ClassName=IOTM123 Member=R1
Removed Member From Class: ClassName=IOTM123 Member=R2
Removed Member From Class: ClassName=IOTM123 Member=R3
Removed Member From Class: ClassName=IOTM123 Member=R4
Removed Member From Class: ClassName=IOTM123 Member=R5
Removed Member From Class: ClassName=IOTM123 Member=R6
Removed Member From Class: ClassName=IOTM123 Member=R7
Removed Member From Class: ClassName=IOTM123 Member=R8
Removed Member From Class: ClassName=IOTM123 Member=R9
Removed Member From Class: ClassName=IOTM123 Member=SW1
Removed Member From Class: ClassName=IOTM123 Member=U1
Removed Member From Class: ClassName=IOTM123 Member=Y1
Removed Member From Class: ClassName=IOTM123 Member=Y2
Change Component Comment : Designator=U2 Old Comment=LDO SOT23-5 3.3V New Comment=CP2112
Change Component Comment : Designator=U1 Old Comment=LPC1769FBD100 New Comment=LCMXO2-4000HC-4MG132I
Change component parameters: Designator = "J2" ("J2"); Footprint = "IOT-HIROSE-FX6-60P-0.8SV(71)-TOP"; UniqueID = "\TYBKKXWP" ("\TYBKKXWP")
Change component parameters (AddParameter): Name = "ComponentLink1Description"; Value = "http://www.molex.com/pdm_docs/sd/5037726010_sd.pdf?src-supplier=Digi-Key"; VariantName = "[No Variations]"
Change component parameters (AddParameter): Name = "ComponentLink1URL"; Value = "http://www.molex.com/pdm_docs/sd/5037726010_sd.pdf?src-supplier=Digi-Key"; VariantName = "[No Variations]"
Change component parameters (AddParameter): Name = "S.Description"; Value = "CONN RCPT 60POS 0.4MM SMD GOLD"; VariantName = "[No Variations]"
Change component parameters: Designator = "J3" ("J3"); Footprint = "IOT-HIROSE-FX6-60P-0.8SV(71)-TOP"; UniqueID = "\HBRAPBBU" ("\HBRAPBBU")
Change component parameters: Designator = "U2" ("U2"); Footprint = "SOT23-5_0.95mm"; UniqueID = "\DWBXOEVB" ("\DWBXOEVB")
Change component parameters: Designator = "U1" ("U1"); Footprint = "SOT407-1_N"; UniqueID = "\CULVIPNX" ("\CULVIPNX")
Change component parameters (AddParameter): Name = "ComponentLink1Description"; Value = "Manufacturer URL"; VariantName = "[No Variations]"
Change component parameters (AddParameter): Name = "ComponentLink1URL"; Value = "http://www.latticesemi.com/"; VariantName = "[No Variations]"
Change component parameters (AddParameter): Name = "ComponentLink2Description"; Value = "Datasheet"; VariantName = "[No Variations]"
Change component parameters (AddParameter): Name = "ComponentLink2URL"; Value = "http://www.latticesemi.com/documents/DS1035.pdf"; VariantName = "[No Variations]"
Change component parameters (AddParameter): Name = "ComponentLink3Description"; Value = "Package Specification"; VariantName = "[No Variations]"
Change component parameters (AddParameter): Name = "ComponentLink3URL"; Value = "http://www.latticesemi.com/lit/docs/package/pkg.pdf"; VariantName = "[No Variations]"
Change component parameters (AddParameter): Name = "DatasheetVersion"; Value = "ver01.5, Aug-2011"; VariantName = "[No Variations]"
Change component parameters (AddParameter): Name = "PackageDescription"; Value = "132-Ball Chip Scale Ball Grid Array (csBGA132)"; VariantName = "[No Variations]"
Change component parameters (AddParameter): Name = "PackageReference"; Value = "csBGA132"; VariantName = "[No Variations]"
Change component parameters (AddParameter): Name = "PackageVersion"; Value = "ver02.8, Jul-2011"; VariantName = "[No Variations]"
Added Pin To Net: NetName=GND Pin=J1-2
Added Pin To Net: NetName=P2.0 Pin=J1-4
Added Pin To Net: NetName=P2.1 Pin=J1-5
Added Pin To Net: NetName=P0.10 Pin=J1-6
Added Pin To Net: NetName=P0.11 Pin=J1-7
Added Pin To Net: NetName=P0.17 Pin=J1-8
Added Pin To Net: NetName=P0.18 Pin=J1-9
Added Pin To Net: NetName=P0.15 Pin=J1-10
Added Pin To Net: NetName=P0.16 Pin=J1-11
Added Pin To Net: NetName=RESET-CPU Pin=J1-12
Added Pin To Net: NetName=P2.9 Pin=J1-13
Added Pin To Net: NetName=P1.23 Pin=J1-14
Added Pin To Net: NetName=P0.23 Pin=J1-15
Added Pin To Net: NetName=P0.24 Pin=J1-16
Added Pin To Net: NetName=P2.13 Pin=J1-17
Added Pin To Net: NetName=P2.12 Pin=J1-18
Added Pin To Net: NetName=P0.29 Pin=J1-19
Added Pin To Net: NetName=P0.30 Pin=J1-20
Added Pin To Net: NetName=P0.22 Pin=J1-21
Added Pin To Net: NetName=P0.21 Pin=J1-22
Added Pin To Net: NetName=+5V Pin=J1-28
Added Pin To Net: NetName=GND Pin=J1-29
Added Pin To Net: NetName=3.3V Pin=J1-30
Added Pin To Net: NetName=GND Pin=J1-31
Added Pin To Net: NetName=+5V Pin=J1-32
Added Pin To Net: NetName=P4.29 Pin=J1-38
Added Pin To Net: NetName=P4.28 Pin=J1-39
Added Pin To Net: NetName=P0.19 Pin=J1-40
Added Pin To Net: NetName=P0.20 Pin=J1-41
Added Pin To Net: NetName=P0.8 Pin=J1-42
Added Pin To Net: NetName=P0.9 Pin=J1-43
Added Pin To Net: NetName=P0.7 Pin=J1-44
Added Pin To Net: NetName=P0.6 Pin=J1-45
Added Pin To Net: NetName=P2.7 Pin=J1-46
Added Pin To Net: NetName=VBAT Pin=J1-47
Added Pin To Net: NetName=P1.27 Pin=J1-48
Added Pin To Net: NetName=P0.25 Pin=J1-49
Added Pin To Net: NetName=P0.26 Pin=J1-50
Added Pin To Net: NetName=P1.22 Pin=J1-51
Added Pin To Net: NetName=P2.5 Pin=J1-52
Added Pin To Net: NetName=P0.2 Pin=J1-53
Added Pin To Net: NetName=P0.3 Pin=J1-54
Added Pin To Net: NetName=P0.5 Pin=J1-55
Added Pin To Net: NetName=P0.4 Pin=J1-56
Added Pin To Net: NetName=GND Pin=J1-58
Added Pin To Net: NetName=P2.0 Pin=J2-4
Added Pin To Net: NetName=P2.1 Pin=J2-5
Added Pin To Net: NetName=P0.10 Pin=J2-6
Added Pin To Net: NetName=P0.11 Pin=J2-7
Added Pin To Net: NetName=P0.17 Pin=J2-8
Added Pin To Net: NetName=P0.18 Pin=J2-9
Added Pin To Net: NetName=P0.15 Pin=J2-10
Added Pin To Net: NetName=P0.16 Pin=J2-11
Added Pin To Net: NetName=P2.9 Pin=J2-13
Added Pin To Net: NetName=P1.23 Pin=J2-14
Added Pin To Net: NetName=P0.23 Pin=J2-15
Added Pin To Net: NetName=P0.24 Pin=J2-16
Added Pin To Net: NetName=P2.13 Pin=J2-17
Added Pin To Net: NetName=P2.12 Pin=J2-18
Added Pin To Net: NetName=P0.29 Pin=J2-19
Added Pin To Net: NetName=P0.30 Pin=J2-20
Added Pin To Net: NetName=P0.22 Pin=J2-21
Added Pin To Net: NetName=P0.21 Pin=J2-22
Added Pin To Net: NetName=GND Pin=J2-31
Added Pin To Net: NetName=+5V Pin=J2-32
Added Pin To Net: NetName=P4.29 Pin=J2-38
Added Pin To Net: NetName=P4.28 Pin=J2-39
Added Pin To Net: NetName=P0.19 Pin=J2-40
Added Pin To Net: NetName=P0.20 Pin=J2-41
Added Pin To Net: NetName=P0.8 Pin=J2-42
Added Pin To Net: NetName=P0.9 Pin=J2-43
Added Pin To Net: NetName=P0.7 Pin=J2-44
Added Pin To Net: NetName=P0.6 Pin=J2-45
Added Pin To Net: NetName=P2.7 Pin=J2-46
Added Pin To Net: NetName=VBAT Pin=J2-47
Added Pin To Net: NetName=P1.27 Pin=J2-48
Added Pin To Net: NetName=P0.25 Pin=J2-49
Added Pin To Net: NetName=P0.26 Pin=J2-50
Added Pin To Net: NetName=P1.22 Pin=J2-51
Added Pin To Net: NetName=P2.5 Pin=J2-52
Added Pin To Net: NetName=P0.2 Pin=J2-53
Added Pin To Net: NetName=P0.3 Pin=J2-54
Added Pin To Net: NetName=P0.5 Pin=J2-55
Added Pin To Net: NetName=P0.4 Pin=J2-56
Added Pin To Net: NetName=GND Pin=J2-58
Added Pin To Net: NetName=GND Pin=J3-2
Added Pin To Net: NetName=P2.2 Pin=J3-4
Added Pin To Net: NetName=P2.3 Pin=J3-5
Added Pin To Net: NetName=P0.27 Pin=J3-6
Added Pin To Net: NetName=P0.28 Pin=J3-7
Added Pin To Net: NetName=P1.26 Pin=J3-8
Added Pin To Net: NetName=P1.24 Pin=J3-9
Added Pin To Net: NetName=VBAT Pin=J3-10
Added Pin To Net: NetName=P3.26 Pin=J3-11
Added Pin To Net: NetName=RESET-CPU Pin=J3-12
Added Pin To Net: NetName=P1.16 Pin=J3-13
Added Pin To Net: NetName=P3.25 Pin=J3-14
Added Pin To Net: NetName=P1.0 Pin=J3-15
Added Pin To Net: NetName=P1.1 Pin=J3-16
Added Pin To Net: NetName=P1.4 Pin=J3-17
Added Pin To Net: NetName=P1.8 Pin=J3-18
Added Pin To Net: NetName=P1.9 Pin=J3-19
Added Pin To Net: NetName=P1.10 Pin=J3-20
Added Pin To Net: NetName=P1.14 Pin=J3-21
Added Pin To Net: NetName=P1.15 Pin=J3-22
Added Pin To Net: NetName=P1.17 Pin=J3-23
Added Pin To Net: NetName=RESET-OUT Pin=J3-24
Added Pin To Net: NetName=+5V Pin=J3-28
Added Pin To Net: NetName=GND Pin=J3-29
Added Pin To Net: NetName=3.3V Pin=J3-30
Added Pin To Net: NetName=P2.11 Pin=J3-39
Added Pin To Net: NetName=P1.29 Pin=J3-40
Added Pin To Net: NetName=P0.0 Pin=J3-41
Added Pin To Net: NetName=P0.1 Pin=J3-42
Added Pin To Net: NetName=P1.30 Pin=J3-43
Added Pin To Net: NetName=P1.31 Pin=J3-44
Added Pin To Net: NetName=P1.28 Pin=J3-45
Added Pin To Net: NetName=P2.4 Pin=J3-46
Added Pin To Net: NetName=JTAG-TCK-SWDCLK Pin=J3-47
Added Pin To Net: NetName=JTAG-TMS-SWDIO Pin=J3-49
Added Pin To Net: NetName=P2.8 Pin=J3-50
Added Pin To Net: NetName=P1.25 Pin=J3-51
Added Pin To Net: NetName=P2.6 Pin=J3-52
Added Pin To Net: NetName=P1.21 Pin=J3-53
Added Pin To Net: NetName=P1.20 Pin=J3-54
Added Pin To Net: NetName=P1.19 Pin=J3-55
Added Pin To Net: NetName=P1.18 Pin=J3-56
Added Pin To Net: NetName=P2.10 Pin=J3-57
Change Class Name : Old Net Name=IOTM123 New Net Name=IOTM-222B
Added Class: Name=IOTM222
Change Room Name: Old Name=IOTM123 New Name=IOTM-222B
Change Room Scope: Old Scope=InComponentClass('IOTM123') New Scope=InComponentClass('IOTM-222B')
Added Room: Name=IOTM222
